This file contains any messages produced by compilers while
running configure, to aid debugging if configure makes a mistake.

It was created by ezstream configure 0.5.6, which was
generated by GNU Autoconf 2.61.  Invocation command line was

  $ ./configure 

## --------- ##
## Platform. ##
## --------- ##

hostname = ax.to
uname -m = x86_64
uname -r = 2.6.35.4-rscloud
uname -s = Linux
uname -v = #8 SMP Mon Sep 20 15:54:33 UTC 2010

/usr/bin/uname -p = unknown
/bin/uname -X     = unknown

/bin/arch              = unknown
/usr/bin/arch -k       = unknown
/usr/convex/getsysinfo = unknown
/usr/bin/hostinfo      = unknown
/bin/machine           = unknown
/usr/bin/oslevel       = unknown
/bin/universe          = unknown

PATH: /usr/local/sbin
PATH: /usr/local/bin
PATH: /usr/sbin
PATH: /usr/bin
PATH: /sbin
PATH: /bin
PATH: /usr/games


## ----------- ##
## Core tests. ##
## ----------- ##

configure:1911: checking for a BSD-compatible install
configure:1967: result: /usr/bin/install -c
configure:2004: checking for a thread-safe mkdir -p
configure:2043: result: /bin/mkdir -p
configure:2056: checking for gawk
configure:2086: result: no
configure:2056: checking for mawk
configure:2072: found /usr/bin/mawk
configure:2083: result: mawk
configure:2094: checking whether make sets $(MAKE)
configure:2115: result: yes
configure:2306: checking whether to enable maintainer-specific portions of Makefiles
configure:2315: result: no
configure:2346: checking for style of include used by make
configure:2374: result: GNU
configure:2444: checking for gcc
configure:2460: found /usr/bin/gcc
configure:2471: result: gcc
configure:2709: checking for C compiler version
configure:2716: gcc --version >&5
gcc (Ubuntu 4.4.3-4ubuntu5) 4.4.3
Copyright (C) 2009 Free Software Foundation, Inc.
This is free software; see the source for copying conditions.  There is NO
warranty; not even for MERCHANTABILITY or FITNESS FOR A PARTICULAR PURPOSE.

configure:2719: $? = 0
configure:2726: gcc -v >&5
Using built-in specs.
Target: x86_64-linux-gnu
Configured with: ../src/configure -v --with-pkgversion='Ubuntu 4.4.3-4ubuntu5' --with-bugurl=file:///usr/share/doc/gcc-4.4/README.Bugs --enable-languages=c,c++,fortran,objc,obj-c++ --prefix=/usr --enable-shared --enable-multiarch --enable-linker-build-id --with-system-zlib --libexecdir=/usr/lib --without-included-gettext --enable-threads=posix --with-gxx-include-dir=/usr/include/c++/4.4 --program-suffix=-4.4 --enable-nls --enable-clocale=gnu --enable-libstdcxx-debug --enable-plugin --enable-objc-gc --disable-werror --with-arch-32=i486 --with-tune=generic --enable-checking=release --build=x86_64-linux-gnu --host=x86_64-linux-gnu --target=x86_64-linux-gnu
Thread model: posix
gcc version 4.4.3 (Ubuntu 4.4.3-4ubuntu5) 
configure:2729: $? = 0
configure:2736: gcc -V >&5
gcc: '-V' option must have argument
configure:2739: $? = 1
configure:2762: checking for C compiler default output file name
configure:2789: gcc    conftest.c  >&5
configure:2792: $? = 0
configure:2830: result: a.out
configure:2847: checking whether the C compiler works
configure:2857: ./a.out
configure:2860: $? = 0
configure:2877: result: yes
configure:2884: checking whether we are cross compiling
configure:2886: result: no
configure:2889: checking for suffix of executables
configure:2896: gcc -o conftest    conftest.c  >&5
configure:2899: $? = 0
configure:2923: result: 
configure:2929: checking for suffix of object files
configure:2955: gcc -c   conftest.c >&5
configure:2958: $? = 0
configure:2981: result: o
configure:2985: checking whether we are using the GNU C compiler
configure:3014: gcc -c   conftest.c >&5
configure:3020: $? = 0
configure:3037: result: yes
configure:3042: checking whether gcc accepts -g
configure:3072: gcc -c -g  conftest.c >&5
configure:3078: $? = 0
configure:3177: result: yes
configure:3194: checking for gcc option to accept ISO C89
configure:3268: gcc  -c -g -O2  conftest.c >&5
configure:3274: $? = 0
configure:3297: result: none needed
configure:3317: checking dependency style of gcc
configure:3408: result: gcc3
configure:3429: checking how to run the C preprocessor
configure:3469: gcc -E  conftest.c
configure:3475: $? = 0
configure:3506: gcc -E  conftest.c
conftest.c:11:28: error: ac_nonexistent.h: No such file or directory
configure:3512: $? = 1
configure: failed program was:
| /* confdefs.h.  */
| #define PACKAGE_NAME "ezstream"
| #define PACKAGE_TARNAME "ezstream"
| #define PACKAGE_VERSION "0.5.6"
| #define PACKAGE_STRING "ezstream 0.5.6"
| #define PACKAGE_BUGREPORT "https://trac.xiph.org/newticket?component=ezstream"
| #define PACKAGE "ezstream"
| #define VERSION "0.5.6"
| #define _GNU_SOURCE 1
| /* end confdefs.h.  */
| #include <ac_nonexistent.h>
configure:3545: result: gcc -E
configure:3574: gcc -E  conftest.c
configure:3580: $? = 0
configure:3611: gcc -E  conftest.c
conftest.c:11:28: error: ac_nonexistent.h: No such file or directory
configure:3617: $? = 1
configure: failed program was:
| /* confdefs.h.  */
| #define PACKAGE_NAME "ezstream"
| #define PACKAGE_TARNAME "ezstream"
| #define PACKAGE_VERSION "0.5.6"
| #define PACKAGE_STRING "ezstream 0.5.6"
| #define PACKAGE_BUGREPORT "https://trac.xiph.org/newticket?component=ezstream"
| #define PACKAGE "ezstream"
| #define VERSION "0.5.6"
| #define _GNU_SOURCE 1
| /* end confdefs.h.  */
| #include <ac_nonexistent.h>
configure:3655: checking for grep that handles long lines and -e
configure:3729: result: /bin/grep
configure:3734: checking for egrep
configure:3812: result: /bin/grep -E
configure:3818: checking for AIX
configure:3840: result: no
configure:3846: checking for ANSI C header files
configure:3876: gcc -c -g -O2  conftest.c >&5
configure:3882: $? = 0
configure:3981: gcc -o conftest -g -O2   conftest.c  >&5
configure:3984: $? = 0
configure:3990: ./conftest
configure:3993: $? = 0
configure:4010: result: yes
configure:4034: checking for sys/types.h
configure:4055: gcc -c -g -O2  conftest.c >&5
configure:4061: $? = 0
configure:4077: result: yes
configure:4034: checking for sys/stat.h
configure:4055: gcc -c -g -O2  conftest.c >&5
configure:4061: $? = 0
configure:4077: result: yes
configure:4034: checking for stdlib.h
configure:4055: gcc -c -g -O2  conftest.c >&5
configure:4061: $? = 0
configure:4077: result: yes
configure:4034: checking for string.h
configure:4055: gcc -c -g -O2  conftest.c >&5
configure:4061: $? = 0
configure:4077: result: yes
configure:4034: checking for memory.h
configure:4055: gcc -c -g -O2  conftest.c >&5
configure:4061: $? = 0
configure:4077: result: yes
configure:4034: checking for strings.h
configure:4055: gcc -c -g -O2  conftest.c >&5
configure:4061: $? = 0
configure:4077: result: yes
configure:4034: checking for inttypes.h
configure:4055: gcc -c -g -O2  conftest.c >&5
configure:4061: $? = 0
configure:4077: result: yes
configure:4034: checking for stdint.h
configure:4055: gcc -c -g -O2  conftest.c >&5
configure:4061: $? = 0
configure:4077: result: yes
configure:4034: checking for unistd.h
configure:4055: gcc -c -g -O2  conftest.c >&5
configure:4061: $? = 0
configure:4077: result: yes
configure:4099: checking minix/config.h usability
configure:4116: gcc -c -g -O2  conftest.c >&5
conftest.c:54:26: error: minix/config.h: No such file or directory
configure:4122: $? = 1
configure: failed program was:
| /* confdefs.h.  */
| #define PACKAGE_NAME "ezstream"
| #define PACKAGE_TARNAME "ezstream"
| #define PACKAGE_VERSION "0.5.6"
| #define PACKAGE_STRING "ezstream 0.5.6"
| #define PACKAGE_BUGREPORT "https://trac.xiph.org/newticket?component=ezstream"
| #define PACKAGE "ezstream"
| #define VERSION "0.5.6"
| #define _GNU_SOURCE 1
| #define STDC_HEADERS 1
| #define HAVE_SYS_TYPES_H 1
| #define HAVE_SYS_STAT_H 1
| #define HAVE_STDLIB_H 1
| #define HAVE_STRING_H 1
| #define HAVE_MEMORY_H 1
| #define HAVE_STRINGS_H 1
| #define HAVE_INTTYPES_H 1
| #define HAVE_STDINT_H 1
| #define HAVE_UNISTD_H 1
| /* end confdefs.h.  */
| #include <stdio.h>
| #ifdef HAVE_SYS_TYPES_H
| # include <sys/types.h>
| #endif
| #ifdef HAVE_SYS_STAT_H
| # include <sys/stat.h>
| #endif
| #ifdef STDC_HEADERS
| # include <stdlib.h>
| # include <stddef.h>
| #else
| # ifdef HAVE_STDLIB_H
| #  include <stdlib.h>
| # endif
| #endif
| #ifdef HAVE_STRING_H
| # if !defined STDC_HEADERS && defined HAVE_MEMORY_H
| #  include <memory.h>
| # endif
| # include <string.h>
| #endif
| #ifdef HAVE_STRINGS_H
| # include <strings.h>
| #endif
| #ifdef HAVE_INTTYPES_H
| # include <inttypes.h>
| #endif
| #ifdef HAVE_STDINT_H
| # include <stdint.h>
| #endif
| #ifdef HAVE_UNISTD_H
| # include <unistd.h>
| #endif
| #include <minix/config.h>
configure:4136: result: no
configure:4140: checking minix/config.h presence
configure:4155: gcc -E  conftest.c
conftest.c:21:26: error: minix/config.h: No such file or directory
configure:4161: $? = 1
configure: failed program was:
| /* confdefs.h.  */
| #define PACKAGE_NAME "ezstream"
| #define PACKAGE_TARNAME "ezstream"
| #define PACKAGE_VERSION "0.5.6"
| #define PACKAGE_STRING "ezstream 0.5.6"
| #define PACKAGE_BUGREPORT "https://trac.xiph.org/newticket?component=ezstream"
| #define PACKAGE "ezstream"
| #define VERSION "0.5.6"
| #define _GNU_SOURCE 1
| #define STDC_HEADERS 1
| #define HAVE_SYS_TYPES_H 1
| #define HAVE_SYS_STAT_H 1
| #define HAVE_STDLIB_H 1
| #define HAVE_STRING_H 1
| #define HAVE_MEMORY_H 1
| #define HAVE_STRINGS_H 1
| #define HAVE_INTTYPES_H 1
| #define HAVE_STDINT_H 1
| #define HAVE_UNISTD_H 1
| /* end confdefs.h.  */
| #include <minix/config.h>
configure:4175: result: no
configure:4208: checking for minix/config.h
configure:4215: result: no
configure:4254: checking whether it is safe to define __EXTENSIONS__
configure:4282: gcc -c -g -O2  conftest.c >&5
configure:4288: $? = 0
configure:4303: result: yes
configure:4321: checking for gcc option to accept ISO C99
configure:4480: gcc  -c -g -O2  conftest.c >&5
conftest.c:74: error: expected ';', ',' or ')' before 'text'
conftest.c: In function 'main':
conftest.c:128: error: expected '=', ',', ';', 'asm' or '__attribute__' before 'newvar'
conftest.c:128: error: 'newvar' undeclared (first use in this function)
conftest.c:128: error: (Each undeclared identifier is reported only once
conftest.c:128: error: for each function it appears in.)
conftest.c:138: error: 'for' loop initial declarations are only allowed in C99 mode
conftest.c:138: note: use option -std=c99 or -std=gnu99 to compile your code
configure:4486: $? = 1
configure: failed program was:
| /* confdefs.h.  */
| #define PACKAGE_NAME "ezstream"
| #define PACKAGE_TARNAME "ezstream"
| #define PACKAGE_VERSION "0.5.6"
| #define PACKAGE_STRING "ezstream 0.5.6"
| #define PACKAGE_BUGREPORT "https://trac.xiph.org/newticket?component=ezstream"
| #define PACKAGE "ezstream"
| #define VERSION "0.5.6"
| #define _GNU_SOURCE 1
| #define STDC_HEADERS 1
| #define HAVE_SYS_TYPES_H 1
| #define HAVE_SYS_STAT_H 1
| #define HAVE_STDLIB_H 1
| #define HAVE_STRING_H 1
| #define HAVE_MEMORY_H 1
| #define HAVE_STRINGS_H 1
| #define HAVE_INTTYPES_H 1
| #define HAVE_STDINT_H 1
| #define HAVE_UNISTD_H 1
| #define __EXTENSIONS__ 1
| #define _POSIX_PTHREAD_SEMANTICS 1
| #define _TANDEM_SOURCE 1
| /* end confdefs.h.  */
| #include <stdarg.h>
| #include <stdbool.h>
| #include <stdlib.h>
| #include <wchar.h>
| #include <stdio.h>
| 
| // Check varargs macros.  These examples are taken from C99 6.10.3.5.
| #define debug(...) fprintf (stderr, __VA_ARGS__)
| #define showlist(...) puts (#__VA_ARGS__)
| #define report(test,...) ((test) ? puts (#test) : printf (__VA_ARGS__))
| static void
| test_varargs_macros (void)
| {
|   int x = 1234;
|   int y = 5678;
|   debug ("Flag");
|   debug ("X = %d\n", x);
|   showlist (The first, second, and third items.);
|   report (x>y, "x is %d but y is %d", x, y);
| }
| 
| // Check long long types.
| #define BIG64 18446744073709551615ull
| #define BIG32 4294967295ul
| #define BIG_OK (BIG64 / BIG32 == 4294967297ull && BIG64 % BIG32 == 0)
| #if !BIG_OK
|   your preprocessor is broken;
| #endif
| #if BIG_OK
| #else
|   your preprocessor is broken;
| #endif
| static long long int bignum = -9223372036854775807LL;
| static unsigned long long int ubignum = BIG64;
| 
| struct incomplete_array
| {
|   int datasize;
|   double data[];
| };
| 
| struct named_init {
|   int number;
|   const wchar_t *name;
|   double average;
| };
| 
| typedef const char *ccp;
| 
| static inline int
| test_restrict (ccp restrict text)
| {
|   // See if C++-style comments work.
|   // Iterate through items via the restricted pointer.
|   // Also check for declarations in for loops.
|   for (unsigned int i = 0; *(text+i) != '\0'; ++i)
|     continue;
|   return 0;
| }
| 
| // Check varargs and va_copy.
| static void
| test_varargs (const char *format, ...)
| {
|   va_list args;
|   va_start (args, format);
|   va_list args_copy;
|   va_copy (args_copy, args);
| 
|   const char *str;
|   int number;
|   float fnumber;
| 
|   while (*format)
|     {
|       switch (*format++)
| 	{
| 	case 's': // string
| 	  str = va_arg (args_copy, const char *);
| 	  break;
| 	case 'd': // int
| 	  number = va_arg (args_copy, int);
| 	  break;
| 	case 'f': // float
| 	  fnumber = va_arg (args_copy, double);
| 	  break;
| 	default:
| 	  break;
| 	}
|     }
|   va_end (args_copy);
|   va_end (args);
| }
| 
| int
| main ()
| {
| 
|   // Check bool.
|   _Bool success = false;
| 
|   // Check restrict.
|   if (test_restrict ("String literal") == 0)
|     success = true;
|   char *restrict newvar = "Another string";
| 
|   // Check varargs.
|   test_varargs ("s, d' f .", "string", 65, 34.234);
|   test_varargs_macros ();
| 
|   // Check flexible array members.
|   struct incomplete_array *ia =
|     malloc (sizeof (struct incomplete_array) + (sizeof (double) * 10));
|   ia->datasize = 10;
|   for (int i = 0; i < ia->datasize; ++i)
|     ia->data[i] = i * 1.234;
| 
|   // Check named initializers.
|   struct named_init ni = {
|     .number = 34,
|     .name = L"Test wide string",
|     .average = 543.34343,
|   };
| 
|   ni.number = 58;
| 
|   int dynamic_array[ni.number];
|   dynamic_array[ni.number - 1] = 543;
| 
|   // work around unused variable warnings
|   return (!success || bignum == 0LL || ubignum == 0uLL || newvar[0] == 'x'
| 	  || dynamic_array[ni.number - 1] != 543);
| 
|   ;
|   return 0;
| }
configure:4480: gcc -std=gnu99 -c -g -O2  conftest.c >&5
configure:4486: $? = 0
configure:4516: result: -std=gnu99
configure:4646: checking for gcc -std=gnu99 option to accept ISO Standard C
configure:4657: result: -std=gnu99
configure:4662: checking for fgrep
configure:4740: result: /bin/grep -F
configure:4751: checking build system type
configure:4769: result: x86_64-unknown-linux-gnu
configure:4791: checking host system type
configure:4806: result: x86_64-unknown-linux-gnu
configure:4855: checking whether to enable debugging
configure:4864: result: no
configure:4881: checking if gcc -std=gnu99 understands -fstack-protector
configure:4917: gcc -std=gnu99 -o conftest -g -O2 -fstack-protector   conftest.c  >&5
configure:4923: $? = 0
configure:4951: result: yes
configure:4881: checking if gcc -std=gnu99 understands -fstrict-aliasing
configure:4917: gcc -std=gnu99 -o conftest -g -O2 -fstrict-aliasing   conftest.c  >&5
configure:4923: $? = 0
configure:4951: result: yes
configure:4881: checking if gcc -std=gnu99 understands -Wall
configure:4917: gcc -std=gnu99 -o conftest -g -O2 -Wall   conftest.c  >&5
configure:4923: $? = 0
configure:4951: result: yes
configure:4881: checking if gcc -std=gnu99 understands -W
configure:4917: gcc -std=gnu99 -o conftest -g -O2 -W   conftest.c  >&5
configure:4923: $? = 0
configure:4951: result: yes
configure:4881: checking if gcc -std=gnu99 understands -Wstrict-aliasing
configure:4917: gcc -std=gnu99 -o conftest -g -O2 -Wstrict-aliasing   conftest.c  >&5
configure:4923: $? = 0
configure:4951: result: yes
configure:4881: checking if gcc -std=gnu99 understands -Wwrite-strings
configure:4917: gcc -std=gnu99 -o conftest -g -O2 -Wwrite-strings   conftest.c  >&5
configure:4923: $? = 0
configure:4951: result: yes
configure:4881: checking if gcc -std=gnu99 understands -Wpointer-arith
configure:4917: gcc -std=gnu99 -o conftest -g -O2 -Wpointer-arith   conftest.c  >&5
configure:4923: $? = 0
configure:4951: result: yes
configure:4881: checking if gcc -std=gnu99 understands -Wshadow
configure:4917: gcc -std=gnu99 -o conftest -g -O2 -Wshadow   conftest.c  >&5
configure:4923: $? = 0
configure:4951: result: yes
configure:4881: checking if gcc -std=gnu99 understands -Wconversion
configure:4917: gcc -std=gnu99 -o conftest -g -O2 -Wconversion   conftest.c  >&5
configure:4923: $? = 0
configure:4951: result: yes
configure:4881: checking if gcc -std=gnu99 understands -Wcast-qual
configure:4917: gcc -std=gnu99 -o conftest -g -O2 -Wcast-qual   conftest.c  >&5
configure:4923: $? = 0
configure:4951: result: yes
configure:4881: checking if gcc -std=gnu99 understands -Wcast-align
configure:4917: gcc -std=gnu99 -o conftest -g -O2 -Wcast-align   conftest.c  >&5
configure:4923: $? = 0
configure:4951: result: yes
configure:4881: checking if gcc -std=gnu99 understands -Wbounded
configure:4917: gcc -std=gnu99 -o conftest -g -O2 -Wbounded   conftest.c  >&5
cc1: error: unrecognized command line option "-Wbounded"
configure:4923: $? = 1
configure: failed program was:
| /* confdefs.h.  */
| #define PACKAGE_NAME "ezstream"
| #define PACKAGE_TARNAME "ezstream"
| #define PACKAGE_VERSION "0.5.6"
| #define PACKAGE_STRING "ezstream 0.5.6"
| #define PACKAGE_BUGREPORT "https://trac.xiph.org/newticket?component=ezstream"
| #define PACKAGE "ezstream"
| #define VERSION "0.5.6"
| #define _GNU_SOURCE 1
| #define STDC_HEADERS 1
| #define HAVE_SYS_TYPES_H 1
| #define HAVE_SYS_STAT_H 1
| #define HAVE_STDLIB_H 1
| #define HAVE_STRING_H 1
| #define HAVE_MEMORY_H 1
| #define HAVE_STRINGS_H 1
| #define HAVE_INTTYPES_H 1
| #define HAVE_STDINT_H 1
| #define HAVE_UNISTD_H 1
| #define __EXTENSIONS__ 1
| #define _POSIX_PTHREAD_SEMANTICS 1
| #define _TANDEM_SOURCE 1
| /* end confdefs.h.  */
| 
| int
| main ()
| {
| 
|   ;
|   return 0;
| }
configure:4968: result: no
configure:4881: checking if gcc -std=gnu99 understands -Wmissing-declarations
configure:4917: gcc -std=gnu99 -o conftest -g -O2 -Wmissing-declarations   conftest.c  >&5
configure:4923: $? = 0
configure:4951: result: yes
configure:4881: checking if gcc -std=gnu99 understands -Wmissing-prototypes
configure:4917: gcc -std=gnu99 -o conftest -g -O2 -Wmissing-prototypes   conftest.c  >&5
configure:4923: $? = 0
configure:4951: result: yes
configure:4881: checking if gcc -std=gnu99 understands -Wstrict-prototypes
configure:4917: gcc -std=gnu99 -o conftest -g -O2 -Wstrict-prototypes   conftest.c  >&5
conftest.c:27: warning: function declaration isn't a prototype
configure:4923: $? = 0
configure:4951: result: yes
configure:4976: checking if gcc -std=gnu99 understands -Wformat=2
configure:5012: gcc -std=gnu99 -o conftest -g -O2 -Wformat=2   conftest.c  >&5
configure:5018: $? = 0
configure:5046: result: yes
configure:5177: checking for an ANSI C-conforming const
configure:5252: gcc -std=gnu99 -c -g -O2  conftest.c >&5
configure:5258: $? = 0
configure:5273: result: yes
configure:5283: checking for working volatile
configure:5312: gcc -std=gnu99 -c -g -O2  conftest.c >&5
configure:5318: $? = 0
configure:5333: result: yes
configure:5357: checking for sys/time.h
configure:5382: gcc -std=gnu99 -c -g -O2  conftest.c >&5
configure:5388: $? = 0
configure:5404: result: yes
configure:5357: checking for signal.h
configure:5382: gcc -std=gnu99 -c -g -O2  conftest.c >&5
configure:5388: $? = 0
configure:5404: result: yes
configure:5357: checking for langinfo.h
configure:5382: gcc -std=gnu99 -c -g -O2  conftest.c >&5
configure:5388: $? = 0
configure:5404: result: yes
configure:5357: checking for libgen.h
configure:5382: gcc -std=gnu99 -c -g -O2  conftest.c >&5
configure:5388: $? = 0
configure:5404: result: yes
configure:5357: checking for locale.h
configure:5382: gcc -std=gnu99 -c -g -O2  conftest.c >&5
configure:5388: $? = 0
configure:5404: result: yes
configure:5357: checking for paths.h
configure:5382: gcc -std=gnu99 -c -g -O2  conftest.c >&5
configure:5388: $? = 0
configure:5404: result: yes
configure:5503: checking for size_t
configure:5533: gcc -std=gnu99 -c -g -O2  conftest.c >&5
configure:5539: $? = 0
configure:5554: result: yes
configure:5566: checking for ssize_t
configure:5596: gcc -std=gnu99 -c -g -O2  conftest.c >&5
configure:5602: $? = 0
configure:5617: result: yes
configure:5632: checking for basename in -lgen
configure:5667: gcc -std=gnu99 -o conftest -g -O2   conftest.c -lgen   >&5
/usr/bin/ld: cannot find -lgen
collect2: ld returned 1 exit status
configure:5673: $? = 1
configure: failed program was:
| /* confdefs.h.  */
| #define PACKAGE_NAME "ezstream"
| #define PACKAGE_TARNAME "ezstream"
| #define PACKAGE_VERSION "0.5.6"
| #define PACKAGE_STRING "ezstream 0.5.6"
| #define PACKAGE_BUGREPORT "https://trac.xiph.org/newticket?component=ezstream"
| #define PACKAGE "ezstream"
| #define VERSION "0.5.6"
| #define _GNU_SOURCE 1
| #define STDC_HEADERS 1
| #define HAVE_SYS_TYPES_H 1
| #define HAVE_SYS_STAT_H 1
| #define HAVE_STDLIB_H 1
| #define HAVE_STRING_H 1
| #define HAVE_MEMORY_H 1
| #define HAVE_STRINGS_H 1
| #define HAVE_INTTYPES_H 1
| #define HAVE_STDINT_H 1
| #define HAVE_UNISTD_H 1
| #define __EXTENSIONS__ 1
| #define _POSIX_PTHREAD_SEMANTICS 1
| #define _TANDEM_SOURCE 1
| #define HAVE_SYS_TIME_H 1
| #define HAVE_SIGNAL_H 1
| #define HAVE_LANGINFO_H 1
| #define HAVE_LIBGEN_H 1
| #define HAVE_LOCALE_H 1
| #define HAVE_PATHS_H 1
| /* end confdefs.h.  */
| 
| /* Override any GCC internal prototype to avoid an error.
|    Use char because int might match the return type of a GCC
|    builtin and then its argument prototype would still apply.  */
| #ifdef __cplusplus
| extern "C"
| #endif
| char basename ();
| int
| main ()
| {
| return basename ();
|   ;
|   return 0;
| }
configure:5691: result: no
configure:5764: checking for pkg-config
configure:5782: found /usr/bin/pkg-config
configure:5794: result: /usr/bin/pkg-config
configure:5823: checking pkg-config is at least version 0.9.0
configure:5826: result: yes
configure:5902: $PKG_CONFIG --exists --print-errors "shout"
configure:5905: $? = 0
configure:6026: checking shout/shout.h usability
configure:6043: gcc -std=gnu99 -c -g -O2 -pthread      conftest.c >&5
configure:6049: $? = 0
configure:6063: result: yes
configure:6067: checking shout/shout.h presence
configure:6082: gcc -E    conftest.c
configure:6088: $? = 0
configure:6102: result: yes
configure:6135: checking for shout/shout.h
configure:6142: result: yes
configure:6148: checking if libshout works
configure:6176: gcc -std=gnu99 -o conftest -g -O2 -pthread        				  				  			 conftest.c -lshout    >&5
configure:6182: $? = 0
configure:6189: result: yes
configure:6288: checking for libshout 
configure:6291: result: yes
configure:6430: $PKG_CONFIG --exists --print-errors "libxml-2.0"
configure:6433: $? = 0
configure:6499: $PKG_CONFIG --exists --print-errors "libxml-2.0 "
configure:6502: $? = 0
configure:6536: checking libxml/parser.h usability
configure:6553: gcc -std=gnu99 -c -g -O2    -I/usr/include/libxml2   conftest.c >&5
configure:6559: $? = 0
configure:6573: result: yes
configure:6577: checking libxml/parser.h presence
configure:6592: gcc -E  -I/usr/include/libxml2   conftest.c
configure:6598: $? = 0
configure:6612: result: yes
configure:6645: checking for libxml/parser.h
configure:6652: result: yes
configure:6658: checking if libxml2 works
configure:6686: gcc -std=gnu99 -o conftest -g -O2    -I/usr/include/libxml2     				  				  			 conftest.c -lxml2    >&5
configure:6692: $? = 0
configure:6699: result: yes
configure:6802: checking for libxml2 
configure:6805: result: yes
configure:6945: $PKG_CONFIG --exists --print-errors "taglib"
configure:6948: $? = 0
configure:7063: $PKG_CONFIG --exists --print-errors "vorbis"
configure:7066: $? = 0
configure:7132: $PKG_CONFIG --exists --print-errors "taglib_c "
configure:7135: $? = 0
configure:7167: checking tag_c.h usability
configure:7184: gcc -std=gnu99 -c -g -O2    -I/usr/local/include/taglib   conftest.c >&5
configure:7190: $? = 0
configure:7204: result: yes
configure:7208: checking tag_c.h presence
configure:7223: gcc -E  -I/usr/local/include/taglib   conftest.c
configure:7229: $? = 0
configure:7243: result: yes
configure:7276: checking for tag_c.h
configure:7283: result: yes
configure:7289: checking if libtag_c works
configure:7317: gcc -std=gnu99 -o conftest -g -O2    -I/usr/local/include/taglib     				-L/usr/local/lib   				  			 conftest.c -ltag_c  >&5
configure:7323: $? = 0
configure:7330: result: yes
configure:7431: checking for libtag_c
configure:7434: result: yes
configure:7901: checking for ld used by GCC
configure:7965: result: /usr/bin/ld
configure:7974: checking if the linker (/usr/bin/ld) is GNU ld
configure:7987: result: yes
configure:7994: checking for shared library run path origin
configure:8007: result: done
configure:8515: checking for iconv
configure:8547: gcc -std=gnu99 -o conftest -g -O2   conftest.c  >&5
configure:8553: $? = 0
configure:8623: result: yes
configure:8626: checking for working iconv
configure:8712: gcc -std=gnu99 -o conftest -g -O2   conftest.c  >&5
configure:8715: $? = 0
configure:8721: ./conftest
configure:8724: $? = 0
configure:8742: result: yes
configure:8772: checking for iconv declaration
configure:8811: gcc -std=gnu99 -c -g -O2  conftest.c >&5
configure:8817: $? = 0
configure:8836: result: 
         extern size_t iconv (iconv_t cd, char * *inbuf, size_t *inbytesleft, char * *outbuf, size_t *outbytesleft);
configure:9332: checking for arc4random
configure:9388: gcc -std=gnu99 -o conftest -g -O2   conftest.c  >&5
/tmp/ccJUcINz.o: In function `main':
/root/ezstream-0.5.6/conftest.c:67: undefined reference to `arc4random'
collect2: ld returned 1 exit status
configure:9394: $? = 1
configure: failed program was:
| /* confdefs.h.  */
| #define PACKAGE_NAME "ezstream"
| #define PACKAGE_TARNAME "ezstream"
| #define PACKAGE_VERSION "0.5.6"
| #define PACKAGE_STRING "ezstream 0.5.6"
| #define PACKAGE_BUGREPORT "https://trac.xiph.org/newticket?component=ezstream"
| #define PACKAGE "ezstream"
| #define VERSION "0.5.6"
| #define _GNU_SOURCE 1
| #define STDC_HEADERS 1
| #define HAVE_SYS_TYPES_H 1
| #define HAVE_SYS_STAT_H 1
| #define HAVE_STDLIB_H 1
| #define HAVE_STRING_H 1
| #define HAVE_MEMORY_H 1
| #define HAVE_STRINGS_H 1
| #define HAVE_INTTYPES_H 1
| #define HAVE_STDINT_H 1
| #define HAVE_UNISTD_H 1
| #define __EXTENSIONS__ 1
| #define _POSIX_PTHREAD_SEMANTICS 1
| #define _TANDEM_SOURCE 1
| #define HAVE_SYS_TIME_H 1
| #define HAVE_SIGNAL_H 1
| #define HAVE_LANGINFO_H 1
| #define HAVE_LIBGEN_H 1
| #define HAVE_LOCALE_H 1
| #define HAVE_PATHS_H 1
| #define HAVE_TAGLIB 1
| #define HAVE_ICONV 1
| #define ICONV_CONST 
| /* end confdefs.h.  */
| /* Define arc4random to an innocuous variant, in case <limits.h> declares arc4random.
|    For example, HP-UX 11i <limits.h> declares gettimeofday.  */
| #define arc4random innocuous_arc4random
| 
| /* System header to define __stub macros and hopefully few prototypes,
|     which can conflict with char arc4random (); below.
|     Prefer <limits.h> to <assert.h> if __STDC__ is defined, since
|     <limits.h> exists even on freestanding compilers.  */
| 
| #ifdef __STDC__
| # include <limits.h>
| #else
| # include <assert.h>
| #endif
| 
| #undef arc4random
| 
| /* Override any GCC internal prototype to avoid an error.
|    Use char because int might match the return type of a GCC
|    builtin and then its argument prototype would still apply.  */
| #ifdef __cplusplus
| extern "C"
| #endif
| char arc4random ();
| /* The GNU C library defines this for functions which it implements
|     to always fail with ENOSYS.  Some functions are actually named
|     something starting with __ and the normal name is an alias.  */
| #if defined __stub_arc4random || defined __stub___arc4random
| choke me
| #endif
| 
| int
| main ()
| {
| return arc4random ();
|   ;
|   return 0;
| }
configure:9412: result: no
configure:9332: checking for basename
configure:9388: gcc -std=gnu99 -o conftest -g -O2   conftest.c  >&5
configure:9394: $? = 0
configure:9412: result: yes
configure:9332: checking for getopt
configure:9388: gcc -std=gnu99 -o conftest -g -O2   conftest.c  >&5
configure:9394: $? = 0
configure:9412: result: yes
configure:9332: checking for gettimeofday
configure:9388: gcc -std=gnu99 -o conftest -g -O2   conftest.c  >&5
configure:9394: $? = 0
configure:9412: result: yes
configure:9332: checking for nl_langinfo
configure:9388: gcc -std=gnu99 -o conftest -g -O2   conftest.c  >&5
configure:9394: $? = 0
configure:9412: result: yes
configure:9332: checking for pclose
configure:9388: gcc -std=gnu99 -o conftest -g -O2   conftest.c  >&5
configure:9394: $? = 0
configure:9412: result: yes
configure:9332: checking for _pclose
configure:9388: gcc -std=gnu99 -o conftest -g -O2   conftest.c  >&5
/tmp/cccSiVAu.o: In function `main':
/root/ezstream-0.5.6/conftest.c:72: undefined reference to `_pclose'
collect2: ld returned 1 exit status
configure:9394: $? = 1
configure: failed program was:
| /* confdefs.h.  */
| #define PACKAGE_NAME "ezstream"
| #define PACKAGE_TARNAME "ezstream"
| #define PACKAGE_VERSION "0.5.6"
| #define PACKAGE_STRING "ezstream 0.5.6"
| #define PACKAGE_BUGREPORT "https://trac.xiph.org/newticket?component=ezstream"
| #define PACKAGE "ezstream"
| #define VERSION "0.5.6"
| #define _GNU_SOURCE 1
| #define STDC_HEADERS 1
| #define HAVE_SYS_TYPES_H 1
| #define HAVE_SYS_STAT_H 1
| #define HAVE_STDLIB_H 1
| #define HAVE_STRING_H 1
| #define HAVE_MEMORY_H 1
| #define HAVE_STRINGS_H 1
| #define HAVE_INTTYPES_H 1
| #define HAVE_STDINT_H 1
| #define HAVE_UNISTD_H 1
| #define __EXTENSIONS__ 1
| #define _POSIX_PTHREAD_SEMANTICS 1
| #define _TANDEM_SOURCE 1
| #define HAVE_SYS_TIME_H 1
| #define HAVE_SIGNAL_H 1
| #define HAVE_LANGINFO_H 1
| #define HAVE_LIBGEN_H 1
| #define HAVE_LOCALE_H 1
| #define HAVE_PATHS_H 1
| #define HAVE_TAGLIB 1
| #define HAVE_ICONV 1
| #define ICONV_CONST 
| #define HAVE_BASENAME 1
| #define HAVE_GETOPT 1
| #define HAVE_GETTIMEOFDAY 1
| #define HAVE_NL_LANGINFO 1
| #define HAVE_PCLOSE 1
| /* end confdefs.h.  */
| /* Define _pclose to an innocuous variant, in case <limits.h> declares _pclose.
|    For example, HP-UX 11i <limits.h> declares gettimeofday.  */
| #define _pclose innocuous__pclose
| 
| /* System header to define __stub macros and hopefully few prototypes,
|     which can conflict with char _pclose (); below.
|     Prefer <limits.h> to <assert.h> if __STDC__ is defined, since
|     <limits.h> exists even on freestanding compilers.  */
| 
| #ifdef __STDC__
| # include <limits.h>
| #else
| # include <assert.h>
| #endif
| 
| #undef _pclose
| 
| /* Override any GCC internal prototype to avoid an error.
|    Use char because int might match the return type of a GCC
|    builtin and then its argument prototype would still apply.  */
| #ifdef __cplusplus
| extern "C"
| #endif
| char _pclose ();
| /* The GNU C library defines this for functions which it implements
|     to always fail with ENOSYS.  Some functions are actually named
|     something starting with __ and the normal name is an alias.  */
| #if defined __stub__pclose || defined __stub____pclose
| choke me
| #endif
| 
| int
| main ()
| {
| return _pclose ();
|   ;
|   return 0;
| }
configure:9412: result: no
configure:9332: checking for popen
configure:9388: gcc -std=gnu99 -o conftest -g -O2   conftest.c  >&5
configure:9394: $? = 0
configure:9412: result: yes
configure:9332: checking for _popen
configure:9388: gcc -std=gnu99 -o conftest -g -O2   conftest.c  >&5
/tmp/ccnXzftE.o: In function `main':
/root/ezstream-0.5.6/conftest.c:73: undefined reference to `_popen'
collect2: ld returned 1 exit status
configure:9394: $? = 1
configure: failed program was:
| /* confdefs.h.  */
| #define PACKAGE_NAME "ezstream"
| #define PACKAGE_TARNAME "ezstream"
| #define PACKAGE_VERSION "0.5.6"
| #define PACKAGE_STRING "ezstream 0.5.6"
| #define PACKAGE_BUGREPORT "https://trac.xiph.org/newticket?component=ezstream"
| #define PACKAGE "ezstream"
| #define VERSION "0.5.6"
| #define _GNU_SOURCE 1
| #define STDC_HEADERS 1
| #define HAVE_SYS_TYPES_H 1
| #define HAVE_SYS_STAT_H 1
| #define HAVE_STDLIB_H 1
| #define HAVE_STRING_H 1
| #define HAVE_MEMORY_H 1
| #define HAVE_STRINGS_H 1
| #define HAVE_INTTYPES_H 1
| #define HAVE_STDINT_H 1
| #define HAVE_UNISTD_H 1
| #define __EXTENSIONS__ 1
| #define _POSIX_PTHREAD_SEMANTICS 1
| #define _TANDEM_SOURCE 1
| #define HAVE_SYS_TIME_H 1
| #define HAVE_SIGNAL_H 1
| #define HAVE_LANGINFO_H 1
| #define HAVE_LIBGEN_H 1
| #define HAVE_LOCALE_H 1
| #define HAVE_PATHS_H 1
| #define HAVE_TAGLIB 1
| #define HAVE_ICONV 1
| #define ICONV_CONST 
| #define HAVE_BASENAME 1
| #define HAVE_GETOPT 1
| #define HAVE_GETTIMEOFDAY 1
| #define HAVE_NL_LANGINFO 1
| #define HAVE_PCLOSE 1
| #define HAVE_POPEN 1
| /* end confdefs.h.  */
| /* Define _popen to an innocuous variant, in case <limits.h> declares _popen.
|    For example, HP-UX 11i <limits.h> declares gettimeofday.  */
| #define _popen innocuous__popen
| 
| /* System header to define __stub macros and hopefully few prototypes,
|     which can conflict with char _popen (); below.
|     Prefer <limits.h> to <assert.h> if __STDC__ is defined, since
|     <limits.h> exists even on freestanding compilers.  */
| 
| #ifdef __STDC__
| # include <limits.h>
| #else
| # include <assert.h>
| #endif
| 
| #undef _popen
| 
| /* Override any GCC internal prototype to avoid an error.
|    Use char because int might match the return type of a GCC
|    builtin and then its argument prototype would still apply.  */
| #ifdef __cplusplus
| extern "C"
| #endif
| char _popen ();
| /* The GNU C library defines this for functions which it implements
|     to always fail with ENOSYS.  Some functions are actually named
|     something starting with __ and the normal name is an alias.  */
| #if defined __stub__popen || defined __stub____popen
| choke me
| #endif
| 
| int
| main ()
| {
| return _popen ();
|   ;
|   return 0;
| }
configure:9412: result: no
configure:9332: checking for random
configure:9388: gcc -std=gnu99 -o conftest -g -O2   conftest.c  >&5
configure:9394: $? = 0
configure:9412: result: yes
configure:9332: checking for setlocale
configure:9388: gcc -std=gnu99 -o conftest -g -O2   conftest.c  >&5
configure:9394: $? = 0
configure:9412: result: yes
configure:9332: checking for snprintf
configure:9388: gcc -std=gnu99 -o conftest -g -O2   conftest.c  >&5
conftest.c:64: warning: conflicting types for built-in function 'snprintf'
configure:9394: $? = 0
configure:9412: result: yes
configure:9332: checking for _snprintf
configure:9388: gcc -std=gnu99 -o conftest -g -O2   conftest.c  >&5
/tmp/ccWe9P8h.o: In function `main':
/root/ezstream-0.5.6/conftest.c:76: undefined reference to `_snprintf'
collect2: ld returned 1 exit status
configure:9394: $? = 1
configure: failed program was:
| /* confdefs.h.  */
| #define PACKAGE_NAME "ezstream"
| #define PACKAGE_TARNAME "ezstream"
| #define PACKAGE_VERSION "0.5.6"
| #define PACKAGE_STRING "ezstream 0.5.6"
| #define PACKAGE_BUGREPORT "https://trac.xiph.org/newticket?component=ezstream"
| #define PACKAGE "ezstream"
| #define VERSION "0.5.6"
| #define _GNU_SOURCE 1
| #define STDC_HEADERS 1
| #define HAVE_SYS_TYPES_H 1
| #define HAVE_SYS_STAT_H 1
| #define HAVE_STDLIB_H 1
| #define HAVE_STRING_H 1
| #define HAVE_MEMORY_H 1
| #define HAVE_STRINGS_H 1
| #define HAVE_INTTYPES_H 1
| #define HAVE_STDINT_H 1
| #define HAVE_UNISTD_H 1
| #define __EXTENSIONS__ 1
| #define _POSIX_PTHREAD_SEMANTICS 1
| #define _TANDEM_SOURCE 1
| #define HAVE_SYS_TIME_H 1
| #define HAVE_SIGNAL_H 1
| #define HAVE_LANGINFO_H 1
| #define HAVE_LIBGEN_H 1
| #define HAVE_LOCALE_H 1
| #define HAVE_PATHS_H 1
| #define HAVE_TAGLIB 1
| #define HAVE_ICONV 1
| #define ICONV_CONST 
| #define HAVE_BASENAME 1
| #define HAVE_GETOPT 1
| #define HAVE_GETTIMEOFDAY 1
| #define HAVE_NL_LANGINFO 1
| #define HAVE_PCLOSE 1
| #define HAVE_POPEN 1
| #define HAVE_RANDOM 1
| #define HAVE_SETLOCALE 1
| #define HAVE_SNPRINTF 1
| /* end confdefs.h.  */
| /* Define _snprintf to an innocuous variant, in case <limits.h> declares _snprintf.
|    For example, HP-UX 11i <limits.h> declares gettimeofday.  */
| #define _snprintf innocuous__snprintf
| 
| /* System header to define __stub macros and hopefully few prototypes,
|     which can conflict with char _snprintf (); below.
|     Prefer <limits.h> to <assert.h> if __STDC__ is defined, since
|     <limits.h> exists even on freestanding compilers.  */
| 
| #ifdef __STDC__
| # include <limits.h>
| #else
| # include <assert.h>
| #endif
| 
| #undef _snprintf
| 
| /* Override any GCC internal prototype to avoid an error.
|    Use char because int might match the return type of a GCC
|    builtin and then its argument prototype would still apply.  */
| #ifdef __cplusplus
| extern "C"
| #endif
| char _snprintf ();
| /* The GNU C library defines this for functions which it implements
|     to always fail with ENOSYS.  Some functions are actually named
|     something starting with __ and the normal name is an alias.  */
| #if defined __stub__snprintf || defined __stub____snprintf
| choke me
| #endif
| 
| int
| main ()
| {
| return _snprintf ();
|   ;
|   return 0;
| }
configure:9412: result: no
configure:9332: checking for srandomdev
configure:9388: gcc -std=gnu99 -o conftest -g -O2   conftest.c  >&5
/tmp/ccdWkEzP.o: In function `main':
/root/ezstream-0.5.6/conftest.c:76: undefined reference to `srandomdev'
collect2: ld returned 1 exit status
configure:9394: $? = 1
configure: failed program was:
| /* confdefs.h.  */
| #define PACKAGE_NAME "ezstream"
| #define PACKAGE_TARNAME "ezstream"
| #define PACKAGE_VERSION "0.5.6"
| #define PACKAGE_STRING "ezstream 0.5.6"
| #define PACKAGE_BUGREPORT "https://trac.xiph.org/newticket?component=ezstream"
| #define PACKAGE "ezstream"
| #define VERSION "0.5.6"
| #define _GNU_SOURCE 1
| #define STDC_HEADERS 1
| #define HAVE_SYS_TYPES_H 1
| #define HAVE_SYS_STAT_H 1
| #define HAVE_STDLIB_H 1
| #define HAVE_STRING_H 1
| #define HAVE_MEMORY_H 1
| #define HAVE_STRINGS_H 1
| #define HAVE_INTTYPES_H 1
| #define HAVE_STDINT_H 1
| #define HAVE_UNISTD_H 1
| #define __EXTENSIONS__ 1
| #define _POSIX_PTHREAD_SEMANTICS 1
| #define _TANDEM_SOURCE 1
| #define HAVE_SYS_TIME_H 1
| #define HAVE_SIGNAL_H 1
| #define HAVE_LANGINFO_H 1
| #define HAVE_LIBGEN_H 1
| #define HAVE_LOCALE_H 1
| #define HAVE_PATHS_H 1
| #define HAVE_TAGLIB 1
| #define HAVE_ICONV 1
| #define ICONV_CONST 
| #define HAVE_BASENAME 1
| #define HAVE_GETOPT 1
| #define HAVE_GETTIMEOFDAY 1
| #define HAVE_NL_LANGINFO 1
| #define HAVE_PCLOSE 1
| #define HAVE_POPEN 1
| #define HAVE_RANDOM 1
| #define HAVE_SETLOCALE 1
| #define HAVE_SNPRINTF 1
| /* end confdefs.h.  */
| /* Define srandomdev to an innocuous variant, in case <limits.h> declares srandomdev.
|    For example, HP-UX 11i <limits.h> declares gettimeofday.  */
| #define srandomdev innocuous_srandomdev
| 
| /* System header to define __stub macros and hopefully few prototypes,
|     which can conflict with char srandomdev (); below.
|     Prefer <limits.h> to <assert.h> if __STDC__ is defined, since
|     <limits.h> exists even on freestanding compilers.  */
| 
| #ifdef __STDC__
| # include <limits.h>
| #else
| # include <assert.h>
| #endif
| 
| #undef srandomdev
| 
| /* Override any GCC internal prototype to avoid an error.
|    Use char because int might match the return type of a GCC
|    builtin and then its argument prototype would still apply.  */
| #ifdef __cplusplus
| extern "C"
| #endif
| char srandomdev ();
| /* The GNU C library defines this for functions which it implements
|     to always fail with ENOSYS.  Some functions are actually named
|     something starting with __ and the normal name is an alias.  */
| #if defined __stub_srandomdev || defined __stub___srandomdev
| choke me
| #endif
| 
| int
| main ()
| {
| return srandomdev ();
|   ;
|   return 0;
| }
configure:9412: result: no
configure:9332: checking for stat
configure:9388: gcc -std=gnu99 -o conftest -g -O2   conftest.c  >&5
configure:9394: $? = 0
configure:9412: result: yes
configure:9332: checking for _stat
configure:9388: gcc -std=gnu99 -o conftest -g -O2   conftest.c  >&5
/tmp/cc615rDa.o: In function `main':
/root/ezstream-0.5.6/conftest.c:77: undefined reference to `_stat'
collect2: ld returned 1 exit status
configure:9394: $? = 1
configure: failed program was:
| /* confdefs.h.  */
| #define PACKAGE_NAME "ezstream"
| #define PACKAGE_TARNAME "ezstream"
| #define PACKAGE_VERSION "0.5.6"
| #define PACKAGE_STRING "ezstream 0.5.6"
| #define PACKAGE_BUGREPORT "https://trac.xiph.org/newticket?component=ezstream"
| #define PACKAGE "ezstream"
| #define VERSION "0.5.6"
| #define _GNU_SOURCE 1
| #define STDC_HEADERS 1
| #define HAVE_SYS_TYPES_H 1
| #define HAVE_SYS_STAT_H 1
| #define HAVE_STDLIB_H 1
| #define HAVE_STRING_H 1
| #define HAVE_MEMORY_H 1
| #define HAVE_STRINGS_H 1
| #define HAVE_INTTYPES_H 1
| #define HAVE_STDINT_H 1
| #define HAVE_UNISTD_H 1
| #define __EXTENSIONS__ 1
| #define _POSIX_PTHREAD_SEMANTICS 1
| #define _TANDEM_SOURCE 1
| #define HAVE_SYS_TIME_H 1
| #define HAVE_SIGNAL_H 1
| #define HAVE_LANGINFO_H 1
| #define HAVE_LIBGEN_H 1
| #define HAVE_LOCALE_H 1
| #define HAVE_PATHS_H 1
| #define HAVE_TAGLIB 1
| #define HAVE_ICONV 1
| #define ICONV_CONST 
| #define HAVE_BASENAME 1
| #define HAVE_GETOPT 1
| #define HAVE_GETTIMEOFDAY 1
| #define HAVE_NL_LANGINFO 1
| #define HAVE_PCLOSE 1
| #define HAVE_POPEN 1
| #define HAVE_RANDOM 1
| #define HAVE_SETLOCALE 1
| #define HAVE_SNPRINTF 1
| #define HAVE_STAT 1
| /* end confdefs.h.  */
| /* Define _stat to an innocuous variant, in case <limits.h> declares _stat.
|    For example, HP-UX 11i <limits.h> declares gettimeofday.  */
| #define _stat innocuous__stat
| 
| /* System header to define __stub macros and hopefully few prototypes,
|     which can conflict with char _stat (); below.
|     Prefer <limits.h> to <assert.h> if __STDC__ is defined, since
|     <limits.h> exists even on freestanding compilers.  */
| 
| #ifdef __STDC__
| # include <limits.h>
| #else
| # include <assert.h>
| #endif
| 
| #undef _stat
| 
| /* Override any GCC internal prototype to avoid an error.
|    Use char because int might match the return type of a GCC
|    builtin and then its argument prototype would still apply.  */
| #ifdef __cplusplus
| extern "C"
| #endif
| char _stat ();
| /* The GNU C library defines this for functions which it implements
|     to always fail with ENOSYS.  Some functions are actually named
|     something starting with __ and the normal name is an alias.  */
| #if defined __stub__stat || defined __stub____stat
| choke me
| #endif
| 
| int
| main ()
| {
| return _stat ();
|   ;
|   return 0;
| }
configure:9412: result: no
configure:9332: checking for strncasecmp
configure:9388: gcc -std=gnu99 -o conftest -g -O2   conftest.c  >&5
conftest.c:66: warning: conflicting types for built-in function 'strncasecmp'
configure:9394: $? = 0
configure:9412: result: yes
configure:9332: checking for strnicmp
configure:9388: gcc -std=gnu99 -o conftest -g -O2   conftest.c  >&5
/tmp/cc8MOppr.o: In function `main':
/root/ezstream-0.5.6/conftest.c:78: undefined reference to `strnicmp'
collect2: ld returned 1 exit status
configure:9394: $? = 1
configure: failed program was:
| /* confdefs.h.  */
| #define PACKAGE_NAME "ezstream"
| #define PACKAGE_TARNAME "ezstream"
| #define PACKAGE_VERSION "0.5.6"
| #define PACKAGE_STRING "ezstream 0.5.6"
| #define PACKAGE_BUGREPORT "https://trac.xiph.org/newticket?component=ezstream"
| #define PACKAGE "ezstream"
| #define VERSION "0.5.6"
| #define _GNU_SOURCE 1
| #define STDC_HEADERS 1
| #define HAVE_SYS_TYPES_H 1
| #define HAVE_SYS_STAT_H 1
| #define HAVE_STDLIB_H 1
| #define HAVE_STRING_H 1
| #define HAVE_MEMORY_H 1
| #define HAVE_STRINGS_H 1
| #define HAVE_INTTYPES_H 1
| #define HAVE_STDINT_H 1
| #define HAVE_UNISTD_H 1
| #define __EXTENSIONS__ 1
| #define _POSIX_PTHREAD_SEMANTICS 1
| #define _TANDEM_SOURCE 1
| #define HAVE_SYS_TIME_H 1
| #define HAVE_SIGNAL_H 1
| #define HAVE_LANGINFO_H 1
| #define HAVE_LIBGEN_H 1
| #define HAVE_LOCALE_H 1
| #define HAVE_PATHS_H 1
| #define HAVE_TAGLIB 1
| #define HAVE_ICONV 1
| #define ICONV_CONST 
| #define HAVE_BASENAME 1
| #define HAVE_GETOPT 1
| #define HAVE_GETTIMEOFDAY 1
| #define HAVE_NL_LANGINFO 1
| #define HAVE_PCLOSE 1
| #define HAVE_POPEN 1
| #define HAVE_RANDOM 1
| #define HAVE_SETLOCALE 1
| #define HAVE_SNPRINTF 1
| #define HAVE_STAT 1
| #define HAVE_STRNCASECMP 1
| /* end confdefs.h.  */
| /* Define strnicmp to an innocuous variant, in case <limits.h> declares strnicmp.
|    For example, HP-UX 11i <limits.h> declares gettimeofday.  */
| #define strnicmp innocuous_strnicmp
| 
| /* System header to define __stub macros and hopefully few prototypes,
|     which can conflict with char strnicmp (); below.
|     Prefer <limits.h> to <assert.h> if __STDC__ is defined, since
|     <limits.h> exists even on freestanding compilers.  */
| 
| #ifdef __STDC__
| # include <limits.h>
| #else
| # include <assert.h>
| #endif
| 
| #undef strnicmp
| 
| /* Override any GCC internal prototype to avoid an error.
|    Use char because int might match the return type of a GCC
|    builtin and then its argument prototype would still apply.  */
| #ifdef __cplusplus
| extern "C"
| #endif
| char strnicmp ();
| /* The GNU C library defines this for functions which it implements
|     to always fail with ENOSYS.  Some functions are actually named
|     something starting with __ and the normal name is an alias.  */
| #if defined __stub_strnicmp || defined __stub___strnicmp
| choke me
| #endif
| 
| int
| main ()
| {
| return strnicmp ();
|   ;
|   return 0;
| }
configure:9412: result: no
configure:9332: checking for strtoll
configure:9388: gcc -std=gnu99 -o conftest -g -O2   conftest.c  >&5
configure:9394: $? = 0
configure:9412: result: yes
configure:9332: checking for _strtoi64
configure:9388: gcc -std=gnu99 -o conftest -g -O2   conftest.c  >&5
/tmp/ccySJ0HA.o: In function `main':
/root/ezstream-0.5.6/conftest.c:79: undefined reference to `_strtoi64'
collect2: ld returned 1 exit status
configure:9394: $? = 1
configure: failed program was:
| /* confdefs.h.  */
| #define PACKAGE_NAME "ezstream"
| #define PACKAGE_TARNAME "ezstream"
| #define PACKAGE_VERSION "0.5.6"
| #define PACKAGE_STRING "ezstream 0.5.6"
| #define PACKAGE_BUGREPORT "https://trac.xiph.org/newticket?component=ezstream"
| #define PACKAGE "ezstream"
| #define VERSION "0.5.6"
| #define _GNU_SOURCE 1
| #define STDC_HEADERS 1
| #define HAVE_SYS_TYPES_H 1
| #define HAVE_SYS_STAT_H 1
| #define HAVE_STDLIB_H 1
| #define HAVE_STRING_H 1
| #define HAVE_MEMORY_H 1
| #define HAVE_STRINGS_H 1
| #define HAVE_INTTYPES_H 1
| #define HAVE_STDINT_H 1
| #define HAVE_UNISTD_H 1
| #define __EXTENSIONS__ 1
| #define _POSIX_PTHREAD_SEMANTICS 1
| #define _TANDEM_SOURCE 1
| #define HAVE_SYS_TIME_H 1
| #define HAVE_SIGNAL_H 1
| #define HAVE_LANGINFO_H 1
| #define HAVE_LIBGEN_H 1
| #define HAVE_LOCALE_H 1
| #define HAVE_PATHS_H 1
| #define HAVE_TAGLIB 1
| #define HAVE_ICONV 1
| #define ICONV_CONST 
| #define HAVE_BASENAME 1
| #define HAVE_GETOPT 1
| #define HAVE_GETTIMEOFDAY 1
| #define HAVE_NL_LANGINFO 1
| #define HAVE_PCLOSE 1
| #define HAVE_POPEN 1
| #define HAVE_RANDOM 1
| #define HAVE_SETLOCALE 1
| #define HAVE_SNPRINTF 1
| #define HAVE_STAT 1
| #define HAVE_STRNCASECMP 1
| #define HAVE_STRTOLL 1
| /* end confdefs.h.  */
| /* Define _strtoi64 to an innocuous variant, in case <limits.h> declares _strtoi64.
|    For example, HP-UX 11i <limits.h> declares gettimeofday.  */
| #define _strtoi64 innocuous__strtoi64
| 
| /* System header to define __stub macros and hopefully few prototypes,
|     which can conflict with char _strtoi64 (); below.
|     Prefer <limits.h> to <assert.h> if __STDC__ is defined, since
|     <limits.h> exists even on freestanding compilers.  */
| 
| #ifdef __STDC__
| # include <limits.h>
| #else
| # include <assert.h>
| #endif
| 
| #undef _strtoi64
| 
| /* Override any GCC internal prototype to avoid an error.
|    Use char because int might match the return type of a GCC
|    builtin and then its argument prototype would still apply.  */
| #ifdef __cplusplus
| extern "C"
| #endif
| char _strtoi64 ();
| /* The GNU C library defines this for functions which it implements
|     to always fail with ENOSYS.  Some functions are actually named
|     something starting with __ and the normal name is an alias.  */
| #if defined __stub__strtoi64 || defined __stub____strtoi64
| choke me
| #endif
| 
| int
| main ()
| {
| return _strtoi64 ();
|   ;
|   return 0;
| }
configure:9412: result: no
configure:9433: checking for strlcat
configure:9489: gcc -std=gnu99 -o conftest -g -O2   conftest.c  >&5
/tmp/ccpCyy1J.o: In function `main':
/root/ezstream-0.5.6/conftest.c:79: undefined reference to `strlcat'
collect2: ld returned 1 exit status
configure:9495: $? = 1
configure: failed program was:
| /* confdefs.h.  */
| #define PACKAGE_NAME "ezstream"
| #define PACKAGE_TARNAME "ezstream"
| #define PACKAGE_VERSION "0.5.6"
| #define PACKAGE_STRING "ezstream 0.5.6"
| #define PACKAGE_BUGREPORT "https://trac.xiph.org/newticket?component=ezstream"
| #define PACKAGE "ezstream"
| #define VERSION "0.5.6"
| #define _GNU_SOURCE 1
| #define STDC_HEADERS 1
| #define HAVE_SYS_TYPES_H 1
| #define HAVE_SYS_STAT_H 1
| #define HAVE_STDLIB_H 1
| #define HAVE_STRING_H 1
| #define HAVE_MEMORY_H 1
| #define HAVE_STRINGS_H 1
| #define HAVE_INTTYPES_H 1
| #define HAVE_STDINT_H 1
| #define HAVE_UNISTD_H 1
| #define __EXTENSIONS__ 1
| #define _POSIX_PTHREAD_SEMANTICS 1
| #define _TANDEM_SOURCE 1
| #define HAVE_SYS_TIME_H 1
| #define HAVE_SIGNAL_H 1
| #define HAVE_LANGINFO_H 1
| #define HAVE_LIBGEN_H 1
| #define HAVE_LOCALE_H 1
| #define HAVE_PATHS_H 1
| #define HAVE_TAGLIB 1
| #define HAVE_ICONV 1
| #define ICONV_CONST 
| #define HAVE_BASENAME 1
| #define HAVE_GETOPT 1
| #define HAVE_GETTIMEOFDAY 1
| #define HAVE_NL_LANGINFO 1
| #define HAVE_PCLOSE 1
| #define HAVE_POPEN 1
| #define HAVE_RANDOM 1
| #define HAVE_SETLOCALE 1
| #define HAVE_SNPRINTF 1
| #define HAVE_STAT 1
| #define HAVE_STRNCASECMP 1
| #define HAVE_STRTOLL 1
| /* end confdefs.h.  */
| /* Define strlcat to an innocuous variant, in case <limits.h> declares strlcat.
|    For example, HP-UX 11i <limits.h> declares gettimeofday.  */
| #define strlcat innocuous_strlcat
| 
| /* System header to define __stub macros and hopefully few prototypes,
|     which can conflict with char strlcat (); below.
|     Prefer <limits.h> to <assert.h> if __STDC__ is defined, since
|     <limits.h> exists even on freestanding compilers.  */
| 
| #ifdef __STDC__
| # include <limits.h>
| #else
| # include <assert.h>
| #endif
| 
| #undef strlcat
| 
| /* Override any GCC internal prototype to avoid an error.
|    Use char because int might match the return type of a GCC
|    builtin and then its argument prototype would still apply.  */
| #ifdef __cplusplus
| extern "C"
| #endif
| char strlcat ();
| /* The GNU C library defines this for functions which it implements
|     to always fail with ENOSYS.  Some functions are actually named
|     something starting with __ and the normal name is an alias.  */
| #if defined __stub_strlcat || defined __stub___strlcat
| choke me
| #endif
| 
| int
| main ()
| {
| return strlcat ();
|   ;
|   return 0;
| }
configure:9513: result: no
configure:9433: checking for strlcpy
configure:9489: gcc -std=gnu99 -o conftest -g -O2   conftest.c  >&5
/tmp/ccFdgW0U.o: In function `main':
/root/ezstream-0.5.6/conftest.c:79: undefined reference to `strlcpy'
collect2: ld returned 1 exit status
configure:9495: $? = 1
configure: failed program was:
| /* confdefs.h.  */
| #define PACKAGE_NAME "ezstream"
| #define PACKAGE_TARNAME "ezstream"
| #define PACKAGE_VERSION "0.5.6"
| #define PACKAGE_STRING "ezstream 0.5.6"
| #define PACKAGE_BUGREPORT "https://trac.xiph.org/newticket?component=ezstream"
| #define PACKAGE "ezstream"
| #define VERSION "0.5.6"
| #define _GNU_SOURCE 1
| #define STDC_HEADERS 1
| #define HAVE_SYS_TYPES_H 1
| #define HAVE_SYS_STAT_H 1
| #define HAVE_STDLIB_H 1
| #define HAVE_STRING_H 1
| #define HAVE_MEMORY_H 1
| #define HAVE_STRINGS_H 1
| #define HAVE_INTTYPES_H 1
| #define HAVE_STDINT_H 1
| #define HAVE_UNISTD_H 1
| #define __EXTENSIONS__ 1
| #define _POSIX_PTHREAD_SEMANTICS 1
| #define _TANDEM_SOURCE 1
| #define HAVE_SYS_TIME_H 1
| #define HAVE_SIGNAL_H 1
| #define HAVE_LANGINFO_H 1
| #define HAVE_LIBGEN_H 1
| #define HAVE_LOCALE_H 1
| #define HAVE_PATHS_H 1
| #define HAVE_TAGLIB 1
| #define HAVE_ICONV 1
| #define ICONV_CONST 
| #define HAVE_BASENAME 1
| #define HAVE_GETOPT 1
| #define HAVE_GETTIMEOFDAY 1
| #define HAVE_NL_LANGINFO 1
| #define HAVE_PCLOSE 1
| #define HAVE_POPEN 1
| #define HAVE_RANDOM 1
| #define HAVE_SETLOCALE 1
| #define HAVE_SNPRINTF 1
| #define HAVE_STAT 1
| #define HAVE_STRNCASECMP 1
| #define HAVE_STRTOLL 1
| /* end confdefs.h.  */
| /* Define strlcpy to an innocuous variant, in case <limits.h> declares strlcpy.
|    For example, HP-UX 11i <limits.h> declares gettimeofday.  */
| #define strlcpy innocuous_strlcpy
| 
| /* System header to define __stub macros and hopefully few prototypes,
|     which can conflict with char strlcpy (); below.
|     Prefer <limits.h> to <assert.h> if __STDC__ is defined, since
|     <limits.h> exists even on freestanding compilers.  */
| 
| #ifdef __STDC__
| # include <limits.h>
| #else
| # include <assert.h>
| #endif
| 
| #undef strlcpy
| 
| /* Override any GCC internal prototype to avoid an error.
|    Use char because int might match the return type of a GCC
|    builtin and then its argument prototype would still apply.  */
| #ifdef __cplusplus
| extern "C"
| #endif
| char strlcpy ();
| /* The GNU C library defines this for functions which it implements
|     to always fail with ENOSYS.  Some functions are actually named
|     something starting with __ and the normal name is an alias.  */
| #if defined __stub_strlcpy || defined __stub___strlcpy
| choke me
| #endif
| 
| int
| main ()
| {
| return strlcpy ();
|   ;
|   return 0;
| }
configure:9513: result: no
configure:9433: checking for strtonum
configure:9489: gcc -std=gnu99 -o conftest -g -O2   conftest.c  >&5
/tmp/ccIAe5R1.o: In function `main':
/root/ezstream-0.5.6/conftest.c:79: undefined reference to `strtonum'
collect2: ld returned 1 exit status
configure:9495: $? = 1
configure: failed program was:
| /* confdefs.h.  */
| #define PACKAGE_NAME "ezstream"
| #define PACKAGE_TARNAME "ezstream"
| #define PACKAGE_VERSION "0.5.6"
| #define PACKAGE_STRING "ezstream 0.5.6"
| #define PACKAGE_BUGREPORT "https://trac.xiph.org/newticket?component=ezstream"
| #define PACKAGE "ezstream"
| #define VERSION "0.5.6"
| #define _GNU_SOURCE 1
| #define STDC_HEADERS 1
| #define HAVE_SYS_TYPES_H 1
| #define HAVE_SYS_STAT_H 1
| #define HAVE_STDLIB_H 1
| #define HAVE_STRING_H 1
| #define HAVE_MEMORY_H 1
| #define HAVE_STRINGS_H 1
| #define HAVE_INTTYPES_H 1
| #define HAVE_STDINT_H 1
| #define HAVE_UNISTD_H 1
| #define __EXTENSIONS__ 1
| #define _POSIX_PTHREAD_SEMANTICS 1
| #define _TANDEM_SOURCE 1
| #define HAVE_SYS_TIME_H 1
| #define HAVE_SIGNAL_H 1
| #define HAVE_LANGINFO_H 1
| #define HAVE_LIBGEN_H 1
| #define HAVE_LOCALE_H 1
| #define HAVE_PATHS_H 1
| #define HAVE_TAGLIB 1
| #define HAVE_ICONV 1
| #define ICONV_CONST 
| #define HAVE_BASENAME 1
| #define HAVE_GETOPT 1
| #define HAVE_GETTIMEOFDAY 1
| #define HAVE_NL_LANGINFO 1
| #define HAVE_PCLOSE 1
| #define HAVE_POPEN 1
| #define HAVE_RANDOM 1
| #define HAVE_SETLOCALE 1
| #define HAVE_SNPRINTF 1
| #define HAVE_STAT 1
| #define HAVE_STRNCASECMP 1
| #define HAVE_STRTOLL 1
| /* end confdefs.h.  */
| /* Define strtonum to an innocuous variant, in case <limits.h> declares strtonum.
|    For example, HP-UX 11i <limits.h> declares gettimeofday.  */
| #define strtonum innocuous_strtonum
| 
| /* System header to define __stub macros and hopefully few prototypes,
|     which can conflict with char strtonum (); below.
|     Prefer <limits.h> to <assert.h> if __STDC__ is defined, since
|     <limits.h> exists even on freestanding compilers.  */
| 
| #ifdef __STDC__
| # include <limits.h>
| #else
| # include <assert.h>
| #endif
| 
| #undef strtonum
| 
| /* Override any GCC internal prototype to avoid an error.
|    Use char because int might match the return type of a GCC
|    builtin and then its argument prototype would still apply.  */
| #ifdef __cplusplus
| extern "C"
| #endif
| char strtonum ();
| /* The GNU C library defines this for functions which it implements
|     to always fail with ENOSYS.  Some functions are actually named
|     something starting with __ and the normal name is an alias.  */
| #if defined __stub_strtonum || defined __stub___strtonum
| choke me
| #endif
| 
| int
| main ()
| {
| return strtonum ();
|   ;
|   return 0;
| }
configure:9513: result: no
configure:9533: checking for means to copy variable argument lists
configure:9565: gcc -std=gnu99 -o conftest -g -O2   conftest.c  >&5
configure:9571: $? = 0
configure:9643: result: va_copy
configure:9671: checking for sigaction
configure:9727: gcc -std=gnu99 -o conftest -g -O2   conftest.c  >&5
configure:9733: $? = 0
configure:9751: result: yes
configure:9771: checking whether libc defines __progname
configure:9809: gcc -std=gnu99 -o conftest -g -O2   conftest.c  >&5
configure:9815: $? = 0
configure:9842: result: yes
configure:9990: creating ./config.status

## ---------------------- ##
## Running config.status. ##
## ---------------------- ##

This file was extended by ezstream config.status 0.5.6, which was
generated by GNU Autoconf 2.61.  Invocation command line was

  CONFIG_FILES    = 
  CONFIG_HEADERS  = 
  CONFIG_LINKS    = 
  CONFIG_COMMANDS = 
  $ ./config.status 

on ax.to

config.status:688: creating Makefile
config.status:688: creating build-aux/Makefile
config.status:688: creating compat/Makefile
config.status:688: creating compat/sys/Makefile
config.status:688: creating doc/Makefile
config.status:688: creating doc/ezstream-file.sh.1.in
config.status:688: creating doc/ezstream.1.in
config.status:688: creating examples/Makefile
config.status:688: creating m4/Makefile
config.status:688: creating src/Makefile
config.status:688: creating src/ezstream-file.sh
config.status:688: creating win32/Makefile
config.status:688: creating win32/shout/Makefile
config.status:688: creating src/config.h
config.status:942: src/config.h is unchanged
config.status:989: executing depfiles commands

## ---------------- ##
## Cache variables. ##
## ---------------- ##

_cv_sufx_=Wformat_2
ac_cv_build=x86_64-unknown-linux-gnu
ac_cv_c_compiler_gnu=yes
ac_cv_c_const=yes
ac_cv_c_volatile=yes
ac_cv_env_CC_set=
ac_cv_env_CC_value=
ac_cv_env_CFLAGS_set=
ac_cv_env_CFLAGS_value=
ac_cv_env_CPPFLAGS_set=
ac_cv_env_CPPFLAGS_value=
ac_cv_env_CPP_set=
ac_cv_env_CPP_value=
ac_cv_env_LDFLAGS_set=
ac_cv_env_LDFLAGS_value=
ac_cv_env_LIBSHOUT_CFLAGS_set=
ac_cv_env_LIBSHOUT_CFLAGS_value=
ac_cv_env_LIBSHOUT_CPPFLAGS_set=
ac_cv_env_LIBSHOUT_CPPFLAGS_value=
ac_cv_env_LIBSHOUT_LDFLAGS_set=
ac_cv_env_LIBSHOUT_LDFLAGS_value=
ac_cv_env_LIBSHOUT_LIBS_set=
ac_cv_env_LIBSHOUT_LIBS_value=
ac_cv_env_LIBS_set=
ac_cv_env_LIBS_value=
ac_cv_env_LIBVORBISFILE_LIBS_set=
ac_cv_env_LIBVORBISFILE_LIBS_value=
ac_cv_env_LIBXML2_CFLAGS_set=
ac_cv_env_LIBXML2_CFLAGS_value=
ac_cv_env_LIBXML2_CPPFLAGS_set=
ac_cv_env_LIBXML2_CPPFLAGS_value=
ac_cv_env_LIBXML2_LDFLAGS_set=
ac_cv_env_LIBXML2_LDFLAGS_value=
ac_cv_env_LIBXML2_LIBS_set=
ac_cv_env_LIBXML2_LIBS_value=
ac_cv_env_PKG_CONFIG_set=
ac_cv_env_PKG_CONFIG_value=
ac_cv_env_TAGLIB_CFLAGS_set=
ac_cv_env_TAGLIB_CFLAGS_value=
ac_cv_env_TAGLIB_CPPFLAGS_set=
ac_cv_env_TAGLIB_CPPFLAGS_value=
ac_cv_env_TAGLIB_C_LIBS_set=
ac_cv_env_TAGLIB_C_LIBS_value=
ac_cv_env_TAGLIB_LDFLAGS_set=
ac_cv_env_TAGLIB_LDFLAGS_value=
ac_cv_env_VORBIS_CFLAGS_set=
ac_cv_env_VORBIS_CFLAGS_value=
ac_cv_env_VORBIS_CPPFLAGS_set=
ac_cv_env_VORBIS_CPPFLAGS_value=
ac_cv_env_VORBIS_LDFLAGS_set=
ac_cv_env_VORBIS_LDFLAGS_value=
ac_cv_env_build_alias_set=
ac_cv_env_build_alias_value=
ac_cv_env_host_alias_set=
ac_cv_env_host_alias_value=
ac_cv_env_target_alias_set=
ac_cv_env_target_alias_value=
ac_cv_func__pclose=no
ac_cv_func__popen=no
ac_cv_func__snprintf=no
ac_cv_func__stat=no
ac_cv_func__strtoi64=no
ac_cv_func_arc4random=no
ac_cv_func_basename=yes
ac_cv_func_getopt=yes
ac_cv_func_gettimeofday=yes
ac_cv_func_nl_langinfo=yes
ac_cv_func_pclose=yes
ac_cv_func_popen=yes
ac_cv_func_random=yes
ac_cv_func_setlocale=yes
ac_cv_func_sigaction=yes
ac_cv_func_snprintf=yes
ac_cv_func_srandomdev=no
ac_cv_func_stat=yes
ac_cv_func_strlcat=no
ac_cv_func_strlcpy=no
ac_cv_func_strncasecmp=yes
ac_cv_func_strnicmp=no
ac_cv_func_strtoll=yes
ac_cv_func_strtonum=no
ac_cv_header_inttypes_h=yes
ac_cv_header_langinfo_h=yes
ac_cv_header_libgen_h=yes
ac_cv_header_libxml_parser_h=yes
ac_cv_header_locale_h=yes
ac_cv_header_memory_h=yes
ac_cv_header_minix_config_h=no
ac_cv_header_paths_h=yes
ac_cv_header_shout_shout_h=yes
ac_cv_header_signal_h=yes
ac_cv_header_stdc=yes
ac_cv_header_stdint_h=yes
ac_cv_header_stdlib_h=yes
ac_cv_header_string_h=yes
ac_cv_header_strings_h=yes
ac_cv_header_sys_stat_h=yes
ac_cv_header_sys_time_h=yes
ac_cv_header_sys_types_h=yes
ac_cv_header_tag_c_h=yes
ac_cv_header_unistd_h=yes
ac_cv_host=x86_64-unknown-linux-gnu
ac_cv_lib_gen_basename=no
ac_cv_objext=o
ac_cv_path_EGREP='/bin/grep -E'
ac_cv_path_FGREP='/bin/grep -F'
ac_cv_path_GREP=/bin/grep
ac_cv_path_ac_pt_PKG_CONFIG=/usr/bin/pkg-config
ac_cv_path_install='/usr/bin/install -c'
ac_cv_path_mkdir=/bin/mkdir
ac_cv_prog_AWK=mawk
ac_cv_prog_CPP='gcc -E'
ac_cv_prog_ac_ct_CC=gcc
ac_cv_prog_cc_c89=
ac_cv_prog_cc_c99=-std=gnu99
ac_cv_prog_cc_g=yes
ac_cv_prog_cc_stdc=-std=gnu99
ac_cv_prog_make_make_set=yes
ac_cv_safe_to_define___extensions__=yes
ac_cv_type_size_t=yes
ac_cv_type_ssize_t=yes
acl_cv_hardcode_direct=no
acl_cv_hardcode_libdir_flag_spec='${wl}-rpath ${wl}$libdir'
acl_cv_hardcode_libdir_separator=
acl_cv_hardcode_minus_L=no
acl_cv_libext=a
acl_cv_path_LD=/usr/bin/ld
acl_cv_prog_gnu_ld=yes
acl_cv_rpath=done
acl_cv_shlibext=so
acl_cv_wl=-Wl,
am_cv_CC_dependencies_compiler_type=gcc3
am_cv_func_iconv=yes
am_cv_func_iconv_works=yes
am_cv_lib_iconv=no
am_cv_proto_iconv='extern size_t iconv (iconv_t cd, char * *inbuf, size_t *inbytesleft, char * *outbuf, size_t *outbytesleft);'
am_cv_proto_iconv_arg1=
local_ac_cv_func_va_copy=va_copy
local_cv_have_lib_libshout=yes
local_cv_have_lib_libshout_opts=yes
local_cv_have_lib_libvorbis_opts=yes
local_cv_have_lib_libxml2=yes
local_cv_have_lib_libxml2_opts=yes
local_cv_have_lib_taglib_c=yes
local_cv_have_lib_taglib_opts=yes
local_cv_libc_defines___progname=yes
local_cv_prog_cc_W=yes
local_cv_prog_cc_Wall=yes
local_cv_prog_cc_Wbounded=no
local_cv_prog_cc_Wcast_align=yes
local_cv_prog_cc_Wcast_qual=yes
local_cv_prog_cc_Wconversion=yes
local_cv_prog_cc_Wformat_2=yes
local_cv_prog_cc_Wmissing_declarations=yes
local_cv_prog_cc_Wmissing_prototypes=yes
local_cv_prog_cc_Wpointer_arith=yes
local_cv_prog_cc_Wshadow=yes
local_cv_prog_cc_Wstrict_aliasing=yes
local_cv_prog_cc_Wstrict_prototypes=yes
local_cv_prog_cc_Wwrite_strings=yes
local_cv_prog_cc_fstack_protector=yes
local_cv_prog_cc_fstrict_aliasing=yes

## ----------------- ##
## Output variables. ##
## ----------------- ##

ACLOCAL='${SHELL} /root/ezstream-0.5.6/build-aux/missing --run aclocal-1.10'
AMDEPBACKSLASH='\'
AMDEP_FALSE='#'
AMDEP_TRUE=''
AMTAR='${SHELL} /root/ezstream-0.5.6/build-aux/missing --run tar'
AUTOCONF='${SHELL} /root/ezstream-0.5.6/build-aux/missing --run autoconf'
AUTOHEADER='${SHELL} /root/ezstream-0.5.6/build-aux/missing --run autoheader'
AUTOMAKE='${SHELL} /root/ezstream-0.5.6/build-aux/missing --run automake-1.10'
AWK='mawk'
BUILD_DATE='January 21, 2012'
CC='gcc -std=gnu99'
CCDEPMODE='depmode=gcc3'
CFLAGS='-g -O2'
COMPAT_INCLUDES=''
CPP='gcc -E'
CPPFLAGS=''
CYGPATH_W='echo'
DEFS='-DHAVE_CONFIG_H'
DEPDIR='.deps'
ECHO_C=''
ECHO_N='-n'
ECHO_T=''
EGREP='/bin/grep -E'
EXAMPLES_DIR='$(datadir)/examples/ezstream'
EXEEXT=''
EZ_CFLAGS='-fstack-protector -fstrict-aliasing -Wall -W -Wstrict-aliasing -Wwrite-strings -Wpointer-arith -Wshadow -Wconversion -Wcast-qual -Wcast-align -Wmissing-declarations -Wmissing-prototypes -Wstrict-prototypes -Wformat=2 -pthread'
EZ_CPPFLAGS='-I/usr/include/libxml2 -I/usr/local/include/taglib'
EZ_LDFLAGS='-L/usr/local/lib'
EZ_LIBS='-ltag_c -lxml2 -lshout'
FGREP='/bin/grep -F'
GREP='/bin/grep'
INSTALL_DATA='${INSTALL} -m 644'
INSTALL_PROGRAM='${INSTALL}'
INSTALL_SCRIPT='${INSTALL}'
INSTALL_STRIP_PROGRAM='$(install_sh) -c -s'
LDFLAGS=''
LIBICONV=''
LIBOBJS=' ${LIBOBJDIR}strlcat$U.o ${LIBOBJDIR}strlcpy$U.o ${LIBOBJDIR}strtonum$U.o'
LIBS=''
LIBSHOUT_CFLAGS='-pthread  '
LIBSHOUT_CPPFLAGS=' '
LIBSHOUT_LDFLAGS=' 				  				  			'
LIBSHOUT_LIBS='-lshout  '
LIBVORBISFILE_LIBS=''
LIBXML2_CFLAGS=' '
LIBXML2_CPPFLAGS='-I/usr/include/libxml2  '
LIBXML2_LDFLAGS=' 				  				  			'
LIBXML2_LIBS='-lxml2  '
LTLIBICONV=''
LTLIBOBJS=' ${LIBOBJDIR}strlcat$U.lo ${LIBOBJDIR}strlcpy$U.lo ${LIBOBJDIR}strtonum$U.lo'
MAINT='#'
MAINTAINER_MODE_FALSE=''
MAINTAINER_MODE_TRUE='#'
MAKEINFO='${SHELL} /root/ezstream-0.5.6/build-aux/missing --run makeinfo'
OBJEXT='o'
PACKAGE='ezstream'
PACKAGE_BUGREPORT='https://trac.xiph.org/newticket?component=ezstream'
PACKAGE_NAME='ezstream'
PACKAGE_STRING='ezstream 0.5.6'
PACKAGE_TARNAME='ezstream'
PACKAGE_VERSION='0.5.6'
PATH_SEPARATOR=':'
PKG_CONFIG='/usr/bin/pkg-config'
SET_MAKE=''
SHELL='/bin/bash'
STRIP=''
TAGLIB_CFLAGS=' '
TAGLIB_CPPFLAGS='-I/usr/local/include/taglib  '
TAGLIB_C_LIBS='-ltag_c'
TAGLIB_LDFLAGS=' 				-L/usr/local/lib   				  			'
VERSION='0.5.6'
VORBIS_CFLAGS=' '
VORBIS_CPPFLAGS=' '
VORBIS_LDFLAGS=' 				  				  			'
ac_ct_CC='gcc'
am__fastdepCC_FALSE='#'
am__fastdepCC_TRUE=''
am__include='include'
am__isrc=''
am__leading_dot='.'
am__quote=''
am__tar='${AMTAR} chof - "$$tardir"'
am__untar='${AMTAR} xf -'
bindir='${exec_prefix}/bin'
build='x86_64-unknown-linux-gnu'
build_alias=''
build_cpu='x86_64'
build_os='linux-gnu'
build_vendor='unknown'
datadir='${datarootdir}'
datarootdir='${prefix}/share'
docdir='${datarootdir}/doc/${PACKAGE_TARNAME}'
dvidir='${docdir}'
exec_prefix='${prefix}'
host='x86_64-unknown-linux-gnu'
host_alias=''
host_cpu='x86_64'
host_os='linux-gnu'
host_vendor='unknown'
htmldir='${docdir}'
includedir='${prefix}/include'
infodir='${datarootdir}/info'
install_sh='$(SHELL) /root/ezstream-0.5.6/build-aux/install-sh'
libdir='${exec_prefix}/lib'
libexecdir='${exec_prefix}/libexec'
localedir='${datarootdir}/locale'
localstatedir='${prefix}/var'
mandir='${datarootdir}/man'
mkdir_p='/bin/mkdir -p'
oldincludedir='/usr/include'
pdfdir='${docdir}'
prefix='/usr/local'
program_transform_name='s,x,x,'
psdir='${docdir}'
sbindir='${exec_prefix}/sbin'
sharedstatedir='${prefix}/com'
sysconfdir='${prefix}/etc'
target_alias=''

## ----------- ##
## confdefs.h. ##
## ----------- ##

#define PACKAGE_NAME "ezstream"
#define PACKAGE_TARNAME "ezstream"
#define PACKAGE_VERSION "0.5.6"
#define PACKAGE_STRING "ezstream 0.5.6"
#define PACKAGE_BUGREPORT "https://trac.xiph.org/newticket?component=ezstream"
#define PACKAGE "ezstream"
#define VERSION "0.5.6"
#define _GNU_SOURCE 1
#define STDC_HEADERS 1
#define HAVE_SYS_TYPES_H 1
#define HAVE_SYS_STAT_H 1
#define HAVE_STDLIB_H 1
#define HAVE_STRING_H 1
#define HAVE_MEMORY_H 1
#define HAVE_STRINGS_H 1
#define HAVE_INTTYPES_H 1
#define HAVE_STDINT_H 1
#define HAVE_UNISTD_H 1
#define __EXTENSIONS__ 1
#define _POSIX_PTHREAD_SEMANTICS 1
#define _TANDEM_SOURCE 1
#define HAVE_SYS_TIME_H 1
#define HAVE_SIGNAL_H 1
#define HAVE_LANGINFO_H 1
#define HAVE_LIBGEN_H 1
#define HAVE_LOCALE_H 1
#define HAVE_PATHS_H 1
#define HAVE_TAGLIB 1
#define HAVE_ICONV 1
#define ICONV_CONST 
#define HAVE_BASENAME 1
#define HAVE_GETOPT 1
#define HAVE_GETTIMEOFDAY 1
#define HAVE_NL_LANGINFO 1
#define HAVE_PCLOSE 1
#define HAVE_POPEN 1
#define HAVE_RANDOM 1
#define HAVE_SETLOCALE 1
#define HAVE_SNPRINTF 1
#define HAVE_STAT 1
#define HAVE_STRNCASECMP 1
#define HAVE_STRTOLL 1
#define HAVE_SIGACTION 1
#define HAVE_SIGNALS 1
#define HAVE___PROGNAME 1

configure: exit 0
